<?xml version="1.0" encoding="UTF-8"?>
<!-- Generated by org.testng.reporters.JUnitReportReporter -->
<testsuite hostname="DL-306a-12" failures="0" tests="1" name="TestCase1" time="28.162" errors="0" timestamp="27 Jul 2018 10:40:34 GMT">
  <testcase classname="TestCase1" name="OpenSite" time="28.162"/>
</testsuite> <!-- TestCase1 -->
